# JRE version: OpenJDK Runtime Environment (8.0_76-b03) (build 1.8.0_76-release-b03)
# Java VM: OpenJDK 64-Bit Server VM (25.76-b03 mixed mode linux-amd64 compressed oops)
Heap:
 PSYoungGen      total 465920K, used 101244K [0x00000000e0000000, 0x0000000100000000, 0x0000000100000000)
  eden space 407552K, 24% used [0x00000000e0000000,0x00000000e62df190,0x00000000f8e00000)
  from space 58368K, 0% used [0x00000000fc700000,0x00000000fc700000,0x0000000100000000)
  to   space 58368K, 0% used [0x00000000f8e00000,0x00000000f8e00000,0x00000000fc700000)
 ParOldGen       total 217088K, used 62471K [0x00000000a0000000, 0x00000000ad400000, 0x00000000e0000000)
  object space 217088K, 28% used [0x00000000a0000000,0x00000000a3d01e60,0x00000000ad400000)
 Metaspace       used 75307K, capacity 78780K, committed 78976K, reserved 1118208K
  class space    used 9569K, capacity 10272K, committed 10368K, reserved 1048576K
GC Heap History (10 events):
Event: 1091.660 GC heap before
{Heap before GC invocations=32 (full 6):
 PSYoungGen      total 363008K, used 355580K [0x00000000e0000000, 0x00000000ff600000, 0x0000000100000000)
  eden space 312320K, 100% used [0x00000000e0000000,0x00000000f3100000,0x00000000f3100000)
  from space 50688K, 85% used [0x00000000f3100000,0x00000000f5b3f3e0,0x00000000f6280000)
  to   space 56320K, 0% used [0x00000000fbf00000,0x00000000fbf00000,0x00000000ff600000)
 ParOldGen       total 217088K, used 119902K [0x00000000a0000000, 0x00000000ad400000, 0x00000000e0000000)
  object space 217088K, 55% used [0x00000000a0000000,0x00000000a7517b90,0x00000000ad400000)
 Metaspace       used 73709K, capacity 76834K, committed 77184K, reserved 1116160K
  class space    used 9377K, capacity 10049K, committed 10112K, reserved 1048576K
Event: 1095.160 GC heap after
Heap after GC invocations=32 (full 6):
 PSYoungGen      total 454656K, used 39844K [0x00000000e0000000, 0x0000000100000000, 0x0000000100000000)
  eden space 398336K, 0% used [0x00000000e0000000,0x00000000e0000000,0x00000000f8500000)
  from space 56320K, 70% used [0x00000000fbf00000,0x00000000fe5e92e0,0x00000000ff600000)
  to   space 59392K, 0% used [0x00000000f8500000,0x00000000f8500000,0x00000000fbf00000)
 ParOldGen       total 217088K, used 145350K [0x00000000a0000000, 0x00000000ad400000, 0x00000000e0000000)
  object space 217088K, 66% used [0x00000000a0000000,0x00000000a8df1810,0x00000000ad400000)
 Metaspace       used 73709K, capacity 76834K, committed 77184K, reserved 1116160K
  class space    used 9377K, capacity 10049K, committed 10112K, reserved 1048576K
}
Event: 1102.875 GC heap before
{Heap before GC invocations=33 (full 6):
 PSYoungGen      total 454656K, used 361237K [0x00000000e0000000, 0x0000000100000000, 0x0000000100000000)
  eden space 398336K, 80% used [0x00000000e0000000,0x00000000f39dc2a0,0x00000000f8500000)
  from space 56320K, 70% used [0x00000000fbf00000,0x00000000fe5e92e0,0x00000000ff600000)
  to   space 59392K, 0% used [0x00000000f8500000,0x00000000f8500000,0x00000000fbf00000)
 ParOldGen       total 217088K, used 145350K [0x00000000a0000000, 0x00000000ad400000, 0x00000000e0000000)
  object space 217088K, 66% used [0x00000000a0000000,0x00000000a8df1810,0x00000000ad400000)
 Metaspace       used 74804K, capacity 78002K, committed 78080K, reserved 1118208K
  class space    used 9524K, capacity 10219K, committed 10240K, reserved 1048576K
Event: 1102.936 GC heap after
Heap after GC invocations=33 (full 6):
 PSYoungGen      total 457728K, used 8208K [0x00000000e0000000, 0x0000000100000000, 0x0000000100000000)
  eden space 398336K, 0% used [0x00000000e0000000,0x00000000e0000000,0x00000000f8500000)
  from space 59392K, 13% used [0x00000000f8500000,0x00000000f8d04310,0x00000000fbf00000)
  to   space 58368K, 0% used [0x00000000fc700000,0x00000000fc700000,0x0000000100000000)
 ParOldGen       total 217088K, used 163646K [0x00000000a0000000, 0x00000000ad400000, 0x00000000e0000000)
  object space 217088K, 75% used [0x00000000a0000000,0x00000000a9fcf948,0x00000000ad400000)
 Metaspace       used 74804K, capacity 78002K, committed 78080K, reserved 1118208K
  class space    used 9524K, capacity 10219K, committed 10240K, reserved 1048576K
}
Event: 1102.936 GC heap before
{Heap before GC invocations=34 (full 7):
 PSYoungGen      total 457728K, used 8208K [0x00000000e0000000, 0x0000000100000000, 0x0000000100000000)
  eden space 398336K, 0% used [0x00000000e0000000,0x00000000e0000000,0x00000000f8500000)
  from space 59392K, 13% used [0x00000000f8500000,0x00000000f8d04310,0x00000000fbf00000)
  to   space 58368K, 0% used [0x00000000fc700000,0x00000000fc700000,0x0000000100000000)
 ParOldGen       total 217088K, used 163646K [0x00000000a0000000, 0x00000000ad400000, 0x00000000e0000000)
  object space 217088K, 75% used [0x00000000a0000000,0x00000000a9fcf948,0x00000000ad400000)
 Metaspace       used 74804K, capacity 78002K, committed 78080K, reserved 1118208K
  class space    used 9524K, capacity 10219K, committed 10240K, reserved 1048576K
Event: 1103.197 GC heap after
Heap after GC invocations=34 (full 7):
 PSYoungGen      total 457728K, used 0K [0x00000000e0000000, 0x0000000100000000, 0x0000000100000000)
  eden space 398336K, 0% used [0x00000000e0000000,0x00000000e0000000,0x00000000f8500000)
  from space 59392K, 0% used [0x00000000f8500000,0x00000000f8500000,0x00000000fbf00000)
  to   space 58368K, 0% used [0x00000000fc700000,0x00000000fc700000,0x0000000100000000)
 ParOldGen       total 217088K, used 64927K [0x00000000a0000000, 0x00000000ad400000, 0x00000000e0000000)
  object space 217088K, 29% used [0x00000000a0000000,0x00000000a3f67f40,0x00000000ad400000)
 Metaspace       used 74804K, capacity 78002K, committed 78080K, reserved 1118208K
  class space    used 9524K, capacity 10219K, committed 10240K, reserved 1048576K
}
Event: 1232.246 GC heap before
{Heap before GC invocations=35 (full 7):
 PSYoungGen      total 457728K, used 169924K [0x00000000e0000000, 0x0000000100000000, 0x0000000100000000)
  eden space 398336K, 42% used [0x00000000e0000000,0x00000000ea5f1388,0x00000000f8500000)
  from space 59392K, 0% used [0x00000000f8500000,0x00000000f8500000,0x00000000fbf00000)
  to   space 58368K, 0% used [0x00000000fc700000,0x00000000fc700000,0x0000000100000000)
 ParOldGen       total 217088K, used 64927K [0x00000000a0000000, 0x00000000ad400000, 0x00000000e0000000)
  object space 217088K, 29% used [0x00000000a0000000,0x00000000a3f67f40,0x00000000ad400000)
 Metaspace       used 75218K, capacity 78610K, committed 78720K, reserved 1118208K
  class space    used 9559K, capacity 10261K, committed 10368K, reserved 1048576K
Event: 1232.250 GC heap after
Heap after GC invocations=35 (full 7):
 PSYoungGen      total 465920K, used 1696K [0x00000000e0000000, 0x0000000100000000, 0x0000000100000000)
  eden space 407552K, 0% used [0x00000000e0000000,0x00000000e0000000,0x00000000f8e00000)
  from space 58368K, 2% used [0x00000000fc700000,0x00000000fc8a8010,0x0000000100000000)
  to   space 58368K, 0% used [0x00000000f8e00000,0x00000000f8e00000,0x00000000fc700000)
 ParOldGen       total 217088K, used 64935K [0x00000000a0000000, 0x00000000ad400000, 0x00000000e0000000)
  object space 217088K, 29% used [0x00000000a0000000,0x00000000a3f69f40,0x00000000ad400000)
 Metaspace       used 75218K, capacity 78610K, committed 78720K, reserved 1118208K
  class space    used 9559K, capacity 10261K, committed 10368K, reserved 1048576K
}
Event: 1232.250 GC heap before
{Heap before GC invocations=36 (full 8):
 PSYoungGen      total 465920K, used 1696K [0x00000000e0000000, 0x0000000100000000, 0x0000000100000000)
  eden space 407552K, 0% used [0x00000000e0000000,0x00000000e0000000,0x00000000f8e00000)
  from space 58368K, 2% used [0x00000000fc700000,0x00000000fc8a8010,0x0000000100000000)
  to   space 58368K, 0% used [0x00000000f8e00000,0x00000000f8e00000,0x00000000fc700000)
 ParOldGen       total 217088K, used 64935K [0x00000000a0000000, 0x00000000ad400000, 0x00000000e0000000)
  object space 217088K, 29% used [0x00000000a0000000,0x00000000a3f69f40,0x00000000ad400000)
 Metaspace       used 75218K, capacity 78610K, committed 78720K, reserved 1118208K
  class space    used 9559K, capacity 10261K, committed 10368K, reserved 1048576K
Event: 1232.636 GC heap after
Heap after GC invocations=36 (full 8):
 PSYoungGen      total 465920K, used 0K [0x00000000e0000000, 0x0000000100000000, 0x0000000100000000)
  eden space 407552K, 0% used [0x00000000e0000000,0x00000000e0000000,0x00000000f8e00000)
  from space 58368K, 0% used [0x00000000fc700000,0x00000000fc700000,0x0000000100000000)
  to   space 58368K, 0% used [0x00000000f8e00000,0x00000000f8e00000,0x00000000fc700000)
 ParOldGen       total 217088K, used 62471K [0x00000000a0000000, 0x00000000ad400000, 0x00000000e0000000)
  object space 217088K, 28% used [0x00000000a0000000,0x00000000a3d01e60,0x00000000ad400000)
 Metaspace       used 75218K, capacity 78610K, committed 78720K, reserved 1118208K
  class space    used 9559K, capacity 10261K, committed 10368K, reserved 1048576K
}

